<?xml version="1.0" encoding="UTF-8"?>
<!-- Generated by org.testng.reporters.JUnitXMLReporter -->
<testsuite hostname="DESKTOP-E61TQNU" ignored="0" name="Test" tests="4" failures="0" timestamp="2019-12-09T22:47:56 MSK" time="69.755" errors="0">
  <testcase name="basePageNavigation" time="0.261" classname="Academy.validateNavigationBar"/>
  <testcase name="basePageNavigation" time="0.117" classname="Academy.validateTitle"/>
  <testcase name="basePageNavigation" time="10.9" classname="Academy.HomePage"/>
  <testcase name="basePageNavigation" time="6.479" classname="Academy.HomePage"/>
</testsuite> <!-- Test -->
