<?xml version="1.0" encoding="UTF-8"?>
<!-- Generated by org.testng.reporters.JUnitXMLReporter -->
<testsuite hostname="DESKTOP-E61TQNU" failures="0" tests="4" name="Test" time="59.399" errors="0" timestamp="9 Dec 2019 19:49:45 GMT">
  <testcase classname="Academy.validateNavigationBar" name="basePageNavigation" time="0.269"/>
  <testcase classname="Academy.validateTitle" name="basePageNavigation" time="0.159"/>
  <testcase classname="Academy.HomePage" name="basePageNavigation" time="12.691"/>
  <testcase classname="Academy.HomePage" name="basePageNavigation" time="16.83"/>
</testsuite> <!-- Test -->
