<?xml version="1.0" encoding="UTF-8"?>
<testng-results total="3" passed="3" failed="0" skipped="0">
  <reporter-output>
  </reporter-output>
  <suite started-at="2019-12-15T19:25:58Z" name="Suite" finished-at="2019-12-15T19:26:31Z" duration-ms="32862">
    <groups>
    </groups>
    <test started-at="2019-12-15T19:25:58Z" name="App testing" finished-at="2019-12-15T19:25:58Z" duration-ms="31">
    </test> <!-- App testing -->
    <test started-at="2019-12-15T19:25:58Z" name="VAlidating Navigation BAr" finished-at="2019-12-15T19:26:19Z" duration-ms="21112">
      <class name="Academy.validateNavigationBar">
        <test-method is-config="true" signature="initialize()[pri:0, instance:Academy.validateNavigationBar@3d08f3f5]" started-at="2019-12-15T22:25:58Z" name="initialize" finished-at="2019-12-15T22:26:17Z" duration-ms="19425" status="PASS">
          <reporter-output>
          </reporter-output>
        </test-method> <!-- initialize -->
        <test-method signature="validateAppNavigationBar()[pri:0, instance:Academy.validateNavigationBar@3d08f3f5]" started-at="2019-12-15T22:26:17Z" name="validateAppNavigationBar" finished-at="2019-12-15T22:26:18Z" duration-ms="659" status="PASS">
          <reporter-output>
          </reporter-output>
        </test-method> <!-- validateAppNavigationBar -->
        <test-method is-config="true" signature="teardown()[pri:0, instance:Academy.validateNavigationBar@3d08f3f5]" started-at="2019-12-15T22:26:18Z" name="teardown" finished-at="2019-12-15T22:26:19Z" duration-ms="994" status="PASS">
          <reporter-output>
          </reporter-output>
        </test-method> <!-- teardown -->
      </class> <!-- Academy.validateNavigationBar -->
    </test> <!-- VAlidating Navigation BAr -->
    <test started-at="2019-12-15T19:25:58Z" name="Validating User Login" finished-at="2019-12-15T19:26:31Z" duration-ms="32860">
      <class name="Academy.HomePage">
        <test-method is-config="true" signature="initialize()[pri:0, instance:Academy.HomePage@6ffab045]" started-at="2019-12-15T22:25:58Z" name="initialize" finished-at="2019-12-15T22:26:04Z" duration-ms="5681" status="PASS">
          <reporter-output>
          </reporter-output>
        </test-method> <!-- initialize -->
        <test-method signature="basePageNavigation(java.lang.String, java.lang.String, java.lang.String)[pri:0, instance:Academy.HomePage@6ffab045]" started-at="2019-12-15T22:26:04Z" name="basePageNavigation" data-provider="getData" finished-at="2019-12-15T22:26:22Z" duration-ms="18468" status="PASS">
          <params>
            <param index="0">
              <value>
                <![CDATA[nonrestricteduser@qw.com]]>
              </value>
            </param>
            <param index="1">
              <value>
                <![CDATA[123456]]>
              </value>
            </param>
            <param index="2">
              <value>
                <![CDATA[Non Restricted User]]>
              </value>
            </param>
          </params>
          <reporter-output>
          </reporter-output>
        </test-method> <!-- basePageNavigation -->
        <test-method signature="basePageNavigation(java.lang.String, java.lang.String, java.lang.String)[pri:0, instance:Academy.HomePage@6ffab045]" started-at="2019-12-15T22:26:22Z" name="basePageNavigation" data-provider="getData" finished-at="2019-12-15T22:26:29Z" duration-ms="6492" status="PASS">
          <params>
            <param index="0">
              <value>
                <![CDATA[restricteduser@qw.com]]>
              </value>
            </param>
            <param index="1">
              <value>
                <![CDATA[456789]]>
              </value>
            </param>
            <param index="2">
              <value>
                <![CDATA[Restricted User]]>
              </value>
            </param>
          </params>
          <reporter-output>
          </reporter-output>
        </test-method> <!-- basePageNavigation -->
        <test-method is-config="true" signature="teardown()[pri:0, instance:Academy.HomePage@6ffab045]" started-at="2019-12-15T22:26:29Z" name="teardown" finished-at="2019-12-15T22:26:31Z" duration-ms="2184" status="PASS">
          <reporter-output>
          </reporter-output>
        </test-method> <!-- teardown -->
      </class> <!-- Academy.HomePage -->
    </test> <!-- Validating User Login -->
  </suite> <!-- Suite -->
</testng-results>
