<?xml version="1.0" encoding="UTF-8"?>
<testsuite xmlns:xsi="http://www.w3.org/2001/XMLSchema-instance" xsi:noNamespaceSchemaLocation="https://maven.apache.org/surefire/maven-surefire-plugin/xsd/surefire-test-report-3.0.xsd" version="3.0" name="TestSuite" time="37.891" tests="5" errors="0" skipped="0" failures="2">
  <properties>
[...]
</properties>
  <testcase name="validateAppTitle" classname="Academy.validateTitle" time="0.883">
    <failure message="expected [123ИНТЕРНЕТ-МАГАЗИН СПОРТИВНОГО ПИТАНИЯ] but found [ИНТЕРНЕТ-МАГАЗИН СПОРТИВНОГО ПИТАНИЯ]" type="java.lang.AssertionError"><![CDATA[java.lang.AssertionError: expected [123ИНТЕРНЕТ-МАГАЗИН СПОРТИВНОГО ПИТАНИЯ] but found [ИНТЕРНЕТ-МАГАЗИН СПОРТИВНОГО ПИТАНИЯ]
	at Academy.validateTitle.validateAppTitle(validateTitle.java:44)
]]></failure>
    <system-out><![CDATA[App testing
Validating User Login
Validating Title in the page
VAlidating Navigation BAr
]]></system-out>
    <system-err><![CDATA[Starting ChromeDriver 78.0.3904.105 (60e2d8774a8151efa6a00b1f358371b1e0e07ee2-refs/branch-heads/3904@{#877}) on port 40938
Only local connections are allowed.
Please protect ports used by ChromeDriver and related test frameworks to prevent access by malicious code.
Starting ChromeDriver 78.0.3904.105 (60e2d8774a8151efa6a00b1f358371b1e0e07ee2-refs/branch-heads/3904@{#877}) on port 5109
Only local connections are allowed.
Please protect ports used by ChromeDriver and related test frameworks to prevent access by malicious code.
Starting ChromeDriver 78.0.3904.105 (60e2d8774a8151efa6a00b1f358371b1e0e07ee2-refs/branch-heads/3904@{#877}) on port 14136
Only local connections are allowed.
Please protect ports used by ChromeDriver and related test frameworks to prevent access by malicious code.
Dec 15, 2019 10:26:03 PM org.openqa.selenium.remote.ProtocolHandshake createSession
INFO: Detected dialect: W3C
Dec 15, 2019 10:26:03 PM org.openqa.selenium.remote.ProtocolHandshake createSession
INFO: Detected dialect: W3C
Dec 15, 2019 10:26:04 PM org.openqa.selenium.remote.ProtocolHandshake createSession
INFO: Detected dialect: W3C
]]></system-err>
  </testcase>
  <testcase name="validateAppTitle" classname="Academy.validateTitle" time="0.886">
    <failure type="java.lang.NullPointerException"><![CDATA[java.lang.NullPointerException
]]></failure>
  </testcase>
  <testcase name="validateAppNavigationBar" classname="Academy.validateNavigationBar" time="0.663"/>
  <testcase name="basePageNavigation" classname="Academy.HomePage" time="4.736"/>
  <testcase name="basePageNavigation" classname="Academy.HomePage" time="6.492"/>
</testsuite>