<?xml version="1.0" encoding="UTF-8"?>
<testng-results skipped="0" failed="0" ignored="0" total="0" passed="0">
  <reporter-output>
  </reporter-output>
  <suite name="Suite" duration-ms="39" started-at="2020-01-14T16:17:26 MSK" finished-at="2020-01-14T16:17:26 MSK">
    <groups>
    </groups>
    <test name="123Validating User Login" duration-ms="39" started-at="2020-01-14T16:17:26 MSK" finished-at="2020-01-14T16:17:26 MSK">
    </test> <!-- 123Validating User Login -->
  </suite> <!-- Suite -->
</testng-results>
